<?xml version="1.0" encoding="UTF-8" ?>
<testsuite failures="0" time="0.004" errors="0" skipped="0" tests="1" name="com.ashishmahale.AppTest">
  <properties>
    <property name="java.runtime.name" value="Java(TM) SE Runtime Environment"/>
    <property name="sun.boot.library.path" value="C:\Program Files\Java\jdk1.6.0_45\jre\bin"/>
    <property name="java.vm.version" value="20.45-b01"/>
    <property name="java.vm.vendor" value="Sun Microsystems Inc."/>
    <property name="java.vendor.url" value="http://java.sun.com/"/>
    <property name="path.separator" value=";"/>
    <property name="guice.disable.misplaced.annotation.check" value="true"/>
    <property name="java.vm.name" value="Java HotSpot(TM) 64-Bit Server VM"/>
    <property name="file.encoding.pkg" value="sun.io"/>
    <property name="user.country" value="US"/>
    <property name="sun.java.launcher" value="SUN_STANDARD"/>
    <property name="sun.os.patch.level" value=""/>
    <property name="java.vm.specification.name" value="Java Virtual Machine Specification"/>
    <property name="user.dir" value="D:\twilio\workspace\WeatherClient"/>
    <property name="java.runtime.version" value="1.6.0_45-b06"/>
    <property name="java.awt.graphicsenv" value="sun.awt.Win32GraphicsEnvironment"/>
    <property name="java.endorsed.dirs" value="C:\Program Files\Java\jdk1.6.0_45\jre\lib\endorsed"/>
    <property name="os.arch" value="amd64"/>
    <property name="java.io.tmpdir" value="C:\Users\amahale\AppData\Local\Temp\"/>
    <property name="line.separator" value="
"/>
    <property name="java.vm.specification.vendor" value="Sun Microsystems Inc."/>
    <property name="user.variant" value=""/>
    <property name="os.name" value="Windows 8"/>
    <property name="packaging" value="jar"/>
    <property name="classworlds.conf" value="C:\apache-maven-3.2.5\bin\..\bin\m2.conf"/>
    <property name="sun.jnu.encoding" value="Cp1252"/>
    <property name="java.library.path" value="C:\Program Files\Java\jdk1.6.0_45\bin;C:\WINDOWS\Sun\Java\bin;C:\WINDOWS\system32;C:\WINDOWS;C:\WINDOWS\system32;C:\WINDOWS;C:\WINDOWS\System32\Wbem;C:\WINDOWS\System32\WindowsPowerShell\v1.0\;C:\apache-maven-3.2.5\bin;C:\Users\amahale\AppData\Roaming\Dashlane\3.5.2.94798\bin\Firefox_Extension\{442718d9-475e-452a-b3e1-fb1ee16b8e9f}\components;C:\Users\amahale\AppData\Roaming\Dashlane\3.6.0.97092\bin\Firefox_Extension\{442718d9-475e-452a-b3e1-fb1ee16b8e9f}\components;."/>
    <property name="java.specification.name" value="Java Platform API Specification"/>
    <property name="java.class.version" value="50.0"/>
    <property name="artifactId" value="weather-client"/>
    <property name="sun.management.compiler" value="HotSpot 64-Bit Tiered Compilers"/>
    <property name="os.version" value="6.2"/>
    <property name="user.home" value="C:\Users\amahale"/>
    <property name="user.timezone" value="America/Los_Angeles"/>
    <property name="java.awt.printerjob" value="sun.awt.windows.WPrinterJob"/>
    <property name="java.specification.version" value="1.6"/>
    <property name="file.encoding" value="Cp1252"/>
    <property name="user.name" value="amahale"/>
    <property name="java.class.path" value="D:\twilio\workspace\WeatherClient\target\classes;C:\Users\amahale\.m2\repository\com\sun\xml\ws\jaxws-tools\2.2.1\jaxws-tools-2.2.1.jar;C:\Users\amahale\.m2\repository\com\sun\xml\ws\jaxws-rt\2.2.1\jaxws-rt-2.2.1.jar;C:\Users\amahale\.m2\repository\javax\xml\ws\jaxws-api\2.2.1\jaxws-api-2.2.1.jar;C:\Users\amahale\.m2\repository\javax\xml\bind\jaxb-api\2.2.1\jaxb-api-2.2.1.jar;C:\Users\amahale\.m2\repository\javax\xml\soap\saaj-api\1.3.1\saaj-api-1.3.1.jar;C:\Users\amahale\.m2\repository\javax\annotation\jsr250-api\1.0\jsr250-api-1.0.jar;C:\Users\amahale\.m2\repository\javax\jws\jsr181-api\1.0-MR1\jsr181-api-1.0-MR1.jar;C:\Users\amahale\.m2\repository\com\sun\xml\bind\jaxb-impl\2.2.1.1\jaxb-impl-2.2.1.1.jar;C:\Users\amahale\.m2\repository\com\sun\xml\messaging\saaj\saaj-impl\1.3.4\saaj-impl-1.3.4.jar;C:\Users\amahale\.m2\repository\com\sun\xml\stream\buffer\streambuffer\1.1\streambuffer-1.1.jar;C:\Users\amahale\.m2\repository\javax\activation\activation\1.1\activation-1.1.jar;C:\Users\amahale\.m2\repository\org\codehaus\woodstox\wstx-asl\3.2.1\wstx-asl-3.2.1.jar;C:\Users\amahale\.m2\repository\stax\stax-api\1.0.1\stax-api-1.0.1.jar;C:\Users\amahale\.m2\repository\org\jvnet\staxex\stax-ex\1.2\stax-ex-1.2.jar;C:\Users\amahale\.m2\repository\javax\xml\stream\stax-api\1.0\stax-api-1.0.jar;C:\Users\amahale\.m2\repository\com\sun\org\apache\xml\internal\resolver\20050927\resolver-20050927.jar;C:\Users\amahale\.m2\repository\org\jvnet\mimepull\1.4\mimepull-1.4.jar;C:\Users\amahale\.m2\repository\com\sun\xml\ws\policy\2.2.1\policy-2.2.1.jar;C:\Users\amahale\.m2\repository\com\sun\xml\txw2\txw2\20090102\txw2-20090102.jar;C:\Users\amahale\.m2\repository\com\sun\istack\istack-commons-runtime\2.2\istack-commons-runtime-2.2.jar;C:\Users\amahale\.m2\repository\org\glassfish\gmbal\gmbal-api-only\3.0.0-b023\gmbal-api-only-3.0.0-b023.jar;C:\Users\amahale\.m2\repository\org\glassfish\external\management-api\3.0.0-b012\management-api-3.0.0-b012.jar;C:\Users\amahale\.m2\repository\com\sun\xml\bind\jaxb-xjc\2.2.1.1\jaxb-xjc-2.2.1.1.jar;"/>
    <property name="java.vm.specification.version" value="1.0"/>
    <property name="sun.arch.data.model" value="64"/>
    <property name="java.home" value="C:\Program Files\Java\jdk1.6.0_45\jre"/>
    <property name="sun.java.command" value="org.codehaus.plexus.classworlds.launcher.Launcher install -DgroupId=com.ashishmahale -DartifactId=weather-client -Dversion=1 -Dpackaging=jar"/>
    <property name="java.specification.vendor" value="Sun Microsystems Inc."/>
    <property name="user.language" value="en"/>
    <property name="awt.toolkit" value="sun.awt.windows.WToolkit"/>
    <property name="java.vm.info" value="mixed mode"/>
    <property name="java.version" value="1.6.0_45"/>
    <property name="java.ext.dirs" value="C:\Program Files\Java\jdk1.6.0_45\jre\lib\ext;C:\WINDOWS\Sun\Java\lib\ext"/>
    <property name="sun.boot.class.path" value="C:\Program Files\Java\jdk1.6.0_45\jre\lib\resources.jar;C:\Program Files\Java\jdk1.6.0_45\jre\lib\rt.jar;C:\Program Files\Java\jdk1.6.0_45\jre\lib\sunrsasign.jar;C:\Program Files\Java\jdk1.6.0_45\jre\lib\jsse.jar;C:\Program Files\Java\jdk1.6.0_45\jre\lib\jce.jar;C:\Program Files\Java\jdk1.6.0_45\jre\lib\charsets.jar;C:\Program Files\Java\jdk1.6.0_45\jre\lib\modules\jdk.boot.jar;C:\Program Files\Java\jdk1.6.0_45\jre\classes"/>
    <property name="java.vendor" value="Sun Microsystems Inc."/>
    <property name="maven.home" value="C:\apache-maven-3.2.5\bin\.."/>
    <property name="file.separator" value="\"/>
    <property name="java.vendor.url.bug" value="http://java.sun.com/cgi-bin/bugreport.cgi"/>
    <property name="sun.cpu.endian" value="little"/>
    <property name="sun.io.unicode.encoding" value="UnicodeLittle"/>
    <property name="version" value="1"/>
    <property name="groupId" value="com.ashishmahale"/>
    <property name="sun.desktop" value="windows"/>
    <property name="sun.cpu.isalist" value="amd64"/>
  </properties>
  <testcase time="0.004" classname="com.ashishmahale.AppTest" name="testApp"/>
</testsuite>